[debug] [2022-04-03T15:02:58.945Z] ----------------------------------------------------------------------
[debug] [2022-04-03T15:02:58.948Z] Command:       /home/bknk/.asdf/installs/nodejs/16.13.2/bin/node /home/bknk/.asdf/installs/nodejs/16.13.2/.npm/bin/firebase emulators:start --only functions
[debug] [2022-04-03T15:02:58.948Z] CLI Version:   10.5.0
[debug] [2022-04-03T15:02:58.949Z] Platform:      linux
[debug] [2022-04-03T15:02:58.949Z] Node Version:  v16.13.2
[debug] [2022-04-03T15:02:58.957Z] Time:          Mon Apr 04 2022 00:02:58 GMT+0900 (Japan Standard Time)
[debug] [2022-04-03T15:02:58.957Z] ----------------------------------------------------------------------
[debug] 
[debug] [2022-04-03T15:02:59.202Z] > command requires scopes: ["email","openid","https://www.googleapis.com/auth/cloudplatformprojects.readonly","https://www.googleapis.com/auth/firebase","https://www.googleapis.com/auth/cloud-platform"]
[debug] [2022-04-03T15:02:59.203Z] > authorizing via signed-in user (night.fox.045@gmail.com)
[info] i  emulators: Starting emulators: functions {"metadata":{"emulator":{"name":"hub"},"message":"Starting emulators: functions"}}
[debug] [2022-04-03T15:02:59.291Z] [hub] writing locator at /tmp/hub-proken-linebot-9b90d.json
[warn] ⚠  functions: The following emulators are not running, calls to these services from the Functions emulator will affect production: auth, firestore, database, hosting, pubsub, storage {"metadata":{"emulator":{"name":"functions"},"message":"The following emulators are not running, calls to these services from the Functions emulator will affect production: \u001b[1mauth, firestore, database, hosting, pubsub, storage\u001b[22m"}}
[info] ✔  functions: Using node@16 from host. {"metadata":{"emulator":{"name":"functions"},"message":"Using node@16 from host."}}
[debug] [2022-04-03T15:02:59.366Z] defaultcredentials: writing to file /home/bknk/.config/firebase/night_fox.045_gmail.com_application_default_credentials.json
[debug] [2022-04-03T15:02:59.370Z] Setting GAC to /home/bknk/.config/firebase/night_fox.045_gmail.com_application_default_credentials.json {"metadata":{"emulator":{"name":"functions"},"message":"Setting GAC to /home/bknk/.config/firebase/night_fox.045_gmail.com_application_default_credentials.json"}}
[debug] [2022-04-03T15:02:59.375Z] >>> [apiv2][query] GET https://firebase.googleapis.com/v1beta1/projects/proken-linebot-9b90d/adminSdkConfig [none]
[debug] [2022-04-03T15:02:59.908Z] <<< [apiv2][status] GET https://firebase.googleapis.com/v1beta1/projects/proken-linebot-9b90d/adminSdkConfig 200
[debug] [2022-04-03T15:02:59.908Z] <<< [apiv2][body] GET https://firebase.googleapis.com/v1beta1/projects/proken-linebot-9b90d/adminSdkConfig {"projectId":"proken-linebot-9b90d","storageBucket":"proken-linebot-9b90d.appspot.com"}
[info] i  ui: downloading ui-v1.6.5.zip... {"metadata":{"emulator":{"name":"ui"},"message":"downloading ui-v1.6.5.zip..."}}
[debug] [2022-04-03T15:02:59.959Z] >>> [apiv2][query] GET https://storage.googleapis.com/firebase-preview-drop/emulator/ui-v1.6.5.zip 
[debug] [2022-04-03T15:03:00.284Z] <<< [apiv2][status] GET https://storage.googleapis.com/firebase-preview-drop/emulator/ui-v1.6.5.zip 200
[debug] [2022-04-03T15:03:00.285Z] <<< [apiv2][body] GET https://storage.googleapis.com/firebase-preview-drop/emulator/ui-v1.6.5.zip [stream]
[debug] [2022-04-03T15:03:01.142Z] Ignoring unsupported arg: auto_download {"metadata":{"emulator":{"name":"ui"},"message":"Ignoring unsupported arg: auto_download"}}
[debug] [2022-04-03T15:03:01.143Z] Ignoring unsupported arg: port {"metadata":{"emulator":{"name":"ui"},"message":"Ignoring unsupported arg: port"}}
[debug] [2022-04-03T15:03:01.143Z] Starting Emulator UI with command {"binary":"node","args":["/home/bknk/.cache/firebase/emulators/ui-v1.6.5/server.bundle.js"],"optionalArgs":[],"joinArgs":false} {"metadata":{"emulator":{"name":"ui"},"message":"Starting Emulator UI with command {\"binary\":\"node\",\"args\":[\"/home/bknk/.cache/firebase/emulators/ui-v1.6.5/server.bundle.js\"],\"optionalArgs\":[],\"joinArgs\":false}"}}
[info] i  ui: Emulator UI logging to ui-debug.log {"metadata":{"emulator":{"name":"ui"},"message":"Emulator UI logging to \u001b[1mui-debug.log\u001b[22m"}}
[debug] [2022-04-03T15:03:01.293Z] Web / API server started at 127.0.0.1:4000
 {"metadata":{"emulator":{"name":"ui"},"message":"Web / API server started at 127.0.0.1:4000\n"}}
[info] i  functions: Watching "/home/bknk/works/functions" for Cloud Functions... {"metadata":{"emulator":{"name":"functions"},"message":"Watching \"/home/bknk/works/functions\" for Cloud Functions..."}}
[debug] [2022-04-03T15:03:01.425Z] Validating nodejs source
[debug] [2022-04-03T15:03:04.945Z] > [functions] package.json contents: {
  "name": "functions",
  "scripts": {
    "lint": "eslint --ext .js,.ts .",
    "build": "tsc",
    "watch": "yarn build -w",
    "serve": "firebase emulators:start --only functions",
    "shell": "firebase functions:shell",
    "start": "npm run shell",
    "deploy": "firebase deploy --only functions",
    "logs": "firebase functions:log"
  },
  "engines": {
    "node": "16"
  },
  "main": "lib/index.js",
  "dependencies": {
    "firebase-admin": "^10.0.2",
    "firebase-functions": "^3.18.0"
  },
  "devDependencies": {
    "@types/node": "14.17.12",
    "@typescript-eslint/eslint-plugin": "^5.12.0",
    "@typescript-eslint/parser": "^5.12.0",
    "eslint": "^8.9.0",
    "eslint-config-google": "^0.14.0",
    "eslint-config-prettier": "^8.5.0",
    "eslint-import-resolver-typescript": "^2.7.1",
    "eslint-plugin-import": "^2.25.4",
    "firebase-functions-test": "^0.2.0",
    "prettier": "^2.6.2",
    "typescript": "^4.5.4"
  },
  "private": true
}
[debug] [2022-04-03T15:03:04.945Z] Building nodejs source
[debug] [2022-04-03T15:03:04.946Z] Analyzing nodejs backend spec
[info] 
┌─────────────────────────────────────────────────────────────┐
│ ✔  All emulators ready! It is now safe to connect your app. │
│ i  View Emulator UI at http://127.0.0.1:4000                │
└─────────────────────────────────────────────────────────────┘

┌───────────┬────────────────┬─────────────────────────────────┐
│ Emulator  │ Host:Port      │ View in Emulator UI             │
├───────────┼────────────────┼─────────────────────────────────┤
│ Functions │ 127.0.0.1:5001 │ http://127.0.0.1:4000/functions │
└───────────┴────────────────┴─────────────────────────────────┘
  Emulator Hub running at 127.0.0.1:4400
  Other reserved ports: 4500

Issues? Report them at https://github.com/firebase/firebase-tools/issues and attach the *-debug.log files.
 
